<?xml version="1.0" encoding="UTF-8" ?>
<testsuite failures="0" time="19.974" errors="0" skipped="0" tests="1" name="com.acs.payflow.ACS413">
  <properties>
    <property name="java.runtime.name" value="Java(TM) SE Runtime Environment"/>
    <property name="sun.boot.library.path" value="C:\jdk1.7.0_80\jre\bin"/>
    <property name="java.vm.version" value="24.80-b11"/>
    <property name="java.vm.vendor" value="Oracle Corporation"/>
    <property name="java.vendor.url" value="http://java.oracle.com/"/>
    <property name="path.separator" value=";"/>
    <property name="java.vm.name" value="Java HotSpot(TM) 64-Bit Server VM"/>
    <property name="file.encoding.pkg" value="sun.io"/>
    <property name="user.script" value=""/>
    <property name="user.country" value="TW"/>
    <property name="sun.java.launcher" value="SUN_STANDARD"/>
    <property name="sun.os.patch.level" value="Service Pack 1"/>
    <property name="java.vm.specification.name" value="Java Virtual Machine Specification"/>
    <property name="user.dir" value="C:\Users\sanderstu\Desktop\新增資料夾\ACSMVN\testReport"/>
    <property name="java.runtime.version" value="1.7.0_80-b15"/>
    <property name="java.awt.graphicsenv" value="sun.awt.Win32GraphicsEnvironment"/>
    <property name="basedir" value="C:\Users\sanderstu\Desktop\新增資料夾\ACSMVN\testReport"/>
    <property name="java.endorsed.dirs" value="C:\jdk1.7.0_80\jre\lib\endorsed"/>
    <property name="os.arch" value="amd64"/>
    <property name="surefire.real.class.path" value="C:\Users\sanderstu\Desktop\新增資料夾\ACSMVN\testReport\target\surefire\surefirebooter3497987613750290409.jar"/>
    <property name="java.io.tmpdir" value="C:\Users\SANDER~1\AppData\Local\Temp\"/>
    <property name="line.separator" value="
"/>
    <property name="java.vm.specification.vendor" value="Oracle Corporation"/>
    <property name="user.variant" value=""/>
    <property name="os.name" value="Windows 7"/>
    <property name="sun.jnu.encoding" value="MS950"/>
    <property name="jnidispatch.path" value="C:\Users\SANDER~1\AppData\Local\Temp\jna-1650903139\jna9098835753448236299.dll"/>
    <property name="java.library.path" value="C:\jdk1.7.0_80\jre\bin;C:\Windows\Sun\Java\bin;C:\Windows\system32;C:\Windows;C:\ProgramData\Oracle\Java\javapath;C:\Program Files\Common Files\Microsoft Shared\Windows Live;C:\Program Files (x86)\Common Files\Microsoft Shared\Windows Live;C:\Program Files\Broadcom\Broadcom 802.11;C:\Program Files (x86)\Intel\iCLS Client\;C:\Program Files\Intel\iCLS Client\;C:\Program Files (x86)\NVIDIA Corporation\PhysX\Common;C:\Windows\system32;C:\Windows;C:\Windows\System32\Wbem;C:\Windows\System32\WindowsPowerShell\v1.0\;C:\Program Files (x86)\Intel\OpenCL SDK\2.0\bin\x86;C:\Program Files (x86)\Intel\OpenCL SDK\2.0\bin\x64;C:\Program Files\Intel\Intel(R) Management Engine Components\DAL;C:\Program Files\Intel\Intel(R) Management Engine Components\IPT;C:\Program Files (x86)\Intel\Intel(R) Management Engine Components\DAL;C:\Program Files (x86)\Intel\Intel(R) Management Engine Components\IPT;C:\Program Files\WIDCOMM\Bluetooth Software\;C:\Program Files\WIDCOMM\Bluetooth Software\syswow64;C:\Program Files (x86)\Windows Live\Shared;C:\Program Files\TortoiseSVN\bin;C:\apache-ant-1.9.6\bin;C:\Program Files (x86)\Microsoft SQL Server\100\Tools\Binn\;C:\Program Files\Microsoft SQL Server\100\Tools\Binn\;C:\Program Files\Microsoft SQL Server\100\DTS\Binn\;C:\Program Files (x86)\Microsoft SQL Server\100\Tools\Binn\VSShell\Common7\IDE\;C:\Program Files (x86)\Microsoft Visual Studio 9.0\Common7\IDE\PrivateAssemblies\;C:\Program Files (x86)\Microsoft SQL Server\100\DTS\Binn\;C:\apache-maven-3.3.3\bin;C:\Program Files\nodejs\;C:\Program Files\SafeNet\Authentication\SAC\x64;C:\Program Files\SafeNet\Authentication\SAC\x32;C:\Python27;F:\typesafe-activator-1.3.7-minimal\activator-1.3.7-minimal;C:\Program Files (x86)\sbt\bin;C:\Program Files\Java\jdk1.8.0_60\bin;F:\HiTRUSTpay\lib;C:\Users\sanderstu\AppData\Roaming\npm;C:\Program Files\SafeNet\Authentication\SAC\x32\BSecClient;."/>
    <property name="surefire.test.class.path" value="C:\Users\sanderstu\Desktop\新增資料夾\ACSMVN\testReport\target\test-classes;C:\Users\sanderstu\Desktop\新增資料夾\ACSMVN\testReport\target\classes;C:\Users\sanderstu\.m2\repository\junit\junit\4.11\junit-4.11.jar;C:\Users\sanderstu\.m2\repository\org\hamcrest\hamcrest-core\1.3\hamcrest-core-1.3.jar;C:\Users\sanderstu\.m2\repository\org\seleniumhq\selenium\selenium-java\2.47.1\selenium-java-2.47.1.jar;C:\Users\sanderstu\.m2\repository\org\seleniumhq\selenium\selenium-chrome-driver\2.47.1\selenium-chrome-driver-2.47.1.jar;C:\Users\sanderstu\.m2\repository\org\seleniumhq\selenium\selenium-remote-driver\2.47.1\selenium-remote-driver-2.47.1.jar;C:\Users\sanderstu\.m2\repository\cglib\cglib-nodep\2.1_3\cglib-nodep-2.1_3.jar;C:\Users\sanderstu\.m2\repository\com\google\code\gson\gson\2.3.1\gson-2.3.1.jar;C:\Users\sanderstu\.m2\repository\org\seleniumhq\selenium\selenium-api\2.47.1\selenium-api-2.47.1.jar;C:\Users\sanderstu\.m2\repository\com\google\guava\guava\18.0\guava-18.0.jar;C:\Users\sanderstu\.m2\repository\org\seleniumhq\selenium\selenium-edge-driver\2.47.1\selenium-edge-driver-2.47.1.jar;C:\Users\sanderstu\.m2\repository\commons-io\commons-io\2.4\commons-io-2.4.jar;C:\Users\sanderstu\.m2\repository\org\apache\commons\commons-exec\1.3\commons-exec-1.3.jar;C:\Users\sanderstu\.m2\repository\org\seleniumhq\selenium\selenium-htmlunit-driver\2.47.1\selenium-htmlunit-driver-2.47.1.jar;C:\Users\sanderstu\.m2\repository\net\sourceforge\htmlunit\htmlunit\2.17\htmlunit-2.17.jar;C:\Users\sanderstu\.m2\repository\xalan\xalan\2.7.2\xalan-2.7.2.jar;C:\Users\sanderstu\.m2\repository\xalan\serializer\2.7.2\serializer-2.7.2.jar;C:\Users\sanderstu\.m2\repository\commons-collections\commons-collections\3.2.1\commons-collections-3.2.1.jar;C:\Users\sanderstu\.m2\repository\org\apache\commons\commons-lang3\3.4\commons-lang3-3.4.jar;C:\Users\sanderstu\.m2\repository\org\apache\httpcomponents\httpmime\4.4.1\httpmime-4.4.1.jar;C:\Users\sanderstu\.m2\repository\net\sourceforge\htmlunit\htmlunit-core-js\2.17\htmlunit-core-js-2.17.jar;C:\Users\sanderstu\.m2\repository\xerces\xercesImpl\2.11.0\xercesImpl-2.11.0.jar;C:\Users\sanderstu\.m2\repository\xml-apis\xml-apis\1.4.01\xml-apis-1.4.01.jar;C:\Users\sanderstu\.m2\repository\net\sourceforge\nekohtml\nekohtml\1.9.22\nekohtml-1.9.22.jar;C:\Users\sanderstu\.m2\repository\net\sourceforge\cssparser\cssparser\0.9.16\cssparser-0.9.16.jar;C:\Users\sanderstu\.m2\repository\org\w3c\css\sac\1.3\sac-1.3.jar;C:\Users\sanderstu\.m2\repository\commons-logging\commons-logging\1.2\commons-logging-1.2.jar;C:\Users\sanderstu\.m2\repository\org\eclipse\jetty\websocket\websocket-client\9.2.11.v20150529\websocket-client-9.2.11.v20150529.jar;C:\Users\sanderstu\.m2\repository\org\eclipse\jetty\jetty-util\9.2.11.v20150529\jetty-util-9.2.11.v20150529.jar;C:\Users\sanderstu\.m2\repository\org\eclipse\jetty\jetty-io\9.2.11.v20150529\jetty-io-9.2.11.v20150529.jar;C:\Users\sanderstu\.m2\repository\org\eclipse\jetty\websocket\websocket-common\9.2.11.v20150529\websocket-common-9.2.11.v20150529.jar;C:\Users\sanderstu\.m2\repository\org\eclipse\jetty\websocket\websocket-api\9.2.11.v20150529\websocket-api-9.2.11.v20150529.jar;C:\Users\sanderstu\.m2\repository\org\apache\httpcomponents\httpclient\4.4.1\httpclient-4.4.1.jar;C:\Users\sanderstu\.m2\repository\org\apache\httpcomponents\httpcore\4.4.1\httpcore-4.4.1.jar;C:\Users\sanderstu\.m2\repository\org\seleniumhq\selenium\selenium-firefox-driver\2.47.1\selenium-firefox-driver-2.47.1.jar;C:\Users\sanderstu\.m2\repository\org\seleniumhq\selenium\selenium-ie-driver\2.47.1\selenium-ie-driver-2.47.1.jar;C:\Users\sanderstu\.m2\repository\net\java\dev\jna\jna\4.1.0\jna-4.1.0.jar;C:\Users\sanderstu\.m2\repository\net\java\dev\jna\jna-platform\4.1.0\jna-platform-4.1.0.jar;C:\Users\sanderstu\.m2\repository\org\seleniumhq\selenium\selenium-safari-driver\2.47.1\selenium-safari-driver-2.47.1.jar;C:\Users\sanderstu\.m2\repository\org\seleniumhq\selenium\selenium-support\2.47.1\selenium-support-2.47.1.jar;C:\Users\sanderstu\.m2\repository\org\webbitserver\webbit\0.4.14\webbit-0.4.14.jar;C:\Users\sanderstu\.m2\repository\io\netty\netty\3.5.2.Final\netty-3.5.2.Final.jar;C:\Users\sanderstu\.m2\repository\org\seleniumhq\selenium\selenium-leg-rc\2.47.1\selenium-leg-rc-2.47.1.jar;C:\Users\sanderstu\.m2\repository\org\seleniumhq\selenium\selenium-server\2.47.1\selenium-server-2.47.1.jar;C:\Users\sanderstu\.m2\repository\org\bouncycastle\bcprov-jdk15on\1.48\bcprov-jdk15on-1.48.jar;C:\Users\sanderstu\.m2\repository\org\bouncycastle\bcpkix-jdk15on\1.48\bcpkix-jdk15on-1.48.jar;C:\Users\sanderstu\.m2\repository\mx4j\mx4j-tools\3.0.1\mx4j-tools-3.0.1.jar;C:\Users\sanderstu\.m2\repository\org\mortbay\jetty\servlet-api-2.5\6.1.9\servlet-api-2.5-6.1.9.jar;C:\Users\sanderstu\.m2\repository\org\seleniumhq\selenium\jetty-repacked\7.6.1\jetty-repacked-7.6.1.jar;C:\Users\sanderstu\.m2\repository\org\seleniumhq\selenium\jetty-rc-repacked\5\jetty-rc-repacked-5.jar;C:\Users\sanderstu\.m2\repository\net\jcip\jcip-annotations\1.0\jcip-annotations-1.0.jar;C:\Users\sanderstu\.m2\repository\org\yaml\snakeyaml\1.8\snakeyaml-1.8.jar;C:\Users\sanderstu\.m2\repository\commons-codec\commons-codec\1.10\commons-codec-1.10.jar;"/>
    <property name="java.specification.name" value="Java Platform API Specification"/>
    <property name="java.class.version" value="51.0"/>
    <property name="sun.management.compiler" value="HotSpot 64-Bit Tiered Compilers"/>
    <property name="os.version" value="6.1"/>
    <property name="user.home" value="C:\Users\sanderstu"/>
    <property name="user.timezone" value=""/>
    <property name="java.awt.printerjob" value="sun.awt.windows.WPrinterJob"/>
    <property name="java.specification.version" value="1.7"/>
    <property name="file.encoding" value="MS950"/>
    <property name="user.name" value="sanderstu"/>
    <property name="java.class.path" value="C:\Users\sanderstu\Desktop\新增資料夾\ACSMVN\testReport\target\test-classes;C:\Users\sanderstu\Desktop\新增資料夾\ACSMVN\testReport\target\classes;C:\Users\sanderstu\.m2\repository\junit\junit\4.11\junit-4.11.jar;C:\Users\sanderstu\.m2\repository\org\hamcrest\hamcrest-core\1.3\hamcrest-core-1.3.jar;C:\Users\sanderstu\.m2\repository\org\seleniumhq\selenium\selenium-java\2.47.1\selenium-java-2.47.1.jar;C:\Users\sanderstu\.m2\repository\org\seleniumhq\selenium\selenium-chrome-driver\2.47.1\selenium-chrome-driver-2.47.1.jar;C:\Users\sanderstu\.m2\repository\org\seleniumhq\selenium\selenium-remote-driver\2.47.1\selenium-remote-driver-2.47.1.jar;C:\Users\sanderstu\.m2\repository\cglib\cglib-nodep\2.1_3\cglib-nodep-2.1_3.jar;C:\Users\sanderstu\.m2\repository\com\google\code\gson\gson\2.3.1\gson-2.3.1.jar;C:\Users\sanderstu\.m2\repository\org\seleniumhq\selenium\selenium-api\2.47.1\selenium-api-2.47.1.jar;C:\Users\sanderstu\.m2\repository\com\google\guava\guava\18.0\guava-18.0.jar;C:\Users\sanderstu\.m2\repository\org\seleniumhq\selenium\selenium-edge-driver\2.47.1\selenium-edge-driver-2.47.1.jar;C:\Users\sanderstu\.m2\repository\commons-io\commons-io\2.4\commons-io-2.4.jar;C:\Users\sanderstu\.m2\repository\org\apache\commons\commons-exec\1.3\commons-exec-1.3.jar;C:\Users\sanderstu\.m2\repository\org\seleniumhq\selenium\selenium-htmlunit-driver\2.47.1\selenium-htmlunit-driver-2.47.1.jar;C:\Users\sanderstu\.m2\repository\net\sourceforge\htmlunit\htmlunit\2.17\htmlunit-2.17.jar;C:\Users\sanderstu\.m2\repository\xalan\xalan\2.7.2\xalan-2.7.2.jar;C:\Users\sanderstu\.m2\repository\xalan\serializer\2.7.2\serializer-2.7.2.jar;C:\Users\sanderstu\.m2\repository\commons-collections\commons-collections\3.2.1\commons-collections-3.2.1.jar;C:\Users\sanderstu\.m2\repository\org\apache\commons\commons-lang3\3.4\commons-lang3-3.4.jar;C:\Users\sanderstu\.m2\repository\org\apache\httpcomponents\httpmime\4.4.1\httpmime-4.4.1.jar;C:\Users\sanderstu\.m2\repository\net\sourceforge\htmlunit\htmlunit-core-js\2.17\htmlunit-core-js-2.17.jar;C:\Users\sanderstu\.m2\repository\xerces\xercesImpl\2.11.0\xercesImpl-2.11.0.jar;C:\Users\sanderstu\.m2\repository\xml-apis\xml-apis\1.4.01\xml-apis-1.4.01.jar;C:\Users\sanderstu\.m2\repository\net\sourceforge\nekohtml\nekohtml\1.9.22\nekohtml-1.9.22.jar;C:\Users\sanderstu\.m2\repository\net\sourceforge\cssparser\cssparser\0.9.16\cssparser-0.9.16.jar;C:\Users\sanderstu\.m2\repository\org\w3c\css\sac\1.3\sac-1.3.jar;C:\Users\sanderstu\.m2\repository\commons-logging\commons-logging\1.2\commons-logging-1.2.jar;C:\Users\sanderstu\.m2\repository\org\eclipse\jetty\websocket\websocket-client\9.2.11.v20150529\websocket-client-9.2.11.v20150529.jar;C:\Users\sanderstu\.m2\repository\org\eclipse\jetty\jetty-util\9.2.11.v20150529\jetty-util-9.2.11.v20150529.jar;C:\Users\sanderstu\.m2\repository\org\eclipse\jetty\jetty-io\9.2.11.v20150529\jetty-io-9.2.11.v20150529.jar;C:\Users\sanderstu\.m2\repository\org\eclipse\jetty\websocket\websocket-common\9.2.11.v20150529\websocket-common-9.2.11.v20150529.jar;C:\Users\sanderstu\.m2\repository\org\eclipse\jetty\websocket\websocket-api\9.2.11.v20150529\websocket-api-9.2.11.v20150529.jar;C:\Users\sanderstu\.m2\repository\org\apache\httpcomponents\httpclient\4.4.1\httpclient-4.4.1.jar;C:\Users\sanderstu\.m2\repository\org\apache\httpcomponents\httpcore\4.4.1\httpcore-4.4.1.jar;C:\Users\sanderstu\.m2\repository\org\seleniumhq\selenium\selenium-firefox-driver\2.47.1\selenium-firefox-driver-2.47.1.jar;C:\Users\sanderstu\.m2\repository\org\seleniumhq\selenium\selenium-ie-driver\2.47.1\selenium-ie-driver-2.47.1.jar;C:\Users\sanderstu\.m2\repository\net\java\dev\jna\jna\4.1.0\jna-4.1.0.jar;C:\Users\sanderstu\.m2\repository\net\java\dev\jna\jna-platform\4.1.0\jna-platform-4.1.0.jar;C:\Users\sanderstu\.m2\repository\org\seleniumhq\selenium\selenium-safari-driver\2.47.1\selenium-safari-driver-2.47.1.jar;C:\Users\sanderstu\.m2\repository\org\seleniumhq\selenium\selenium-support\2.47.1\selenium-support-2.47.1.jar;C:\Users\sanderstu\.m2\repository\org\webbitserver\webbit\0.4.14\webbit-0.4.14.jar;C:\Users\sanderstu\.m2\repository\io\netty\netty\3.5.2.Final\netty-3.5.2.Final.jar;C:\Users\sanderstu\.m2\repository\org\seleniumhq\selenium\selenium-leg-rc\2.47.1\selenium-leg-rc-2.47.1.jar;C:\Users\sanderstu\.m2\repository\org\seleniumhq\selenium\selenium-server\2.47.1\selenium-server-2.47.1.jar;C:\Users\sanderstu\.m2\repository\org\bouncycastle\bcprov-jdk15on\1.48\bcprov-jdk15on-1.48.jar;C:\Users\sanderstu\.m2\repository\org\bouncycastle\bcpkix-jdk15on\1.48\bcpkix-jdk15on-1.48.jar;C:\Users\sanderstu\.m2\repository\mx4j\mx4j-tools\3.0.1\mx4j-tools-3.0.1.jar;C:\Users\sanderstu\.m2\repository\org\mortbay\jetty\servlet-api-2.5\6.1.9\servlet-api-2.5-6.1.9.jar;C:\Users\sanderstu\.m2\repository\org\seleniumhq\selenium\jetty-repacked\7.6.1\jetty-repacked-7.6.1.jar;C:\Users\sanderstu\.m2\repository\org\seleniumhq\selenium\jetty-rc-repacked\5\jetty-rc-repacked-5.jar;C:\Users\sanderstu\.m2\repository\net\jcip\jcip-annotations\1.0\jcip-annotations-1.0.jar;C:\Users\sanderstu\.m2\repository\org\yaml\snakeyaml\1.8\snakeyaml-1.8.jar;C:\Users\sanderstu\.m2\repository\commons-codec\commons-codec\1.10\commons-codec-1.10.jar;"/>
    <property name="java.vm.specification.version" value="1.7"/>
    <property name="sun.arch.data.model" value="64"/>
    <property name="java.home" value="C:\jdk1.7.0_80\jre"/>
    <property name="sun.java.command" value="C:\Users\sanderstu\Desktop\新增資料夾\ACSMVN\testReport\target\surefire\surefirebooter3497987613750290409.jar C:\Users\sanderstu\Desktop\新增資料夾\ACSMVN\testReport\target\surefire\surefire3593039834025834522tmp C:\Users\sanderstu\Desktop\新增資料夾\ACSMVN\testReport\target\surefire\surefire1102691576683553904tmp"/>
    <property name="java.specification.vendor" value="Oracle Corporation"/>
    <property name="user.language" value="zh"/>
    <property name="awt.toolkit" value="sun.awt.windows.WToolkit"/>
    <property name="java.vm.info" value="mixed mode"/>
    <property name="java.version" value="1.7.0_80"/>
    <property name="java.ext.dirs" value="C:\jdk1.7.0_80\jre\lib\ext;C:\Windows\Sun\Java\lib\ext"/>
    <property name="sun.boot.class.path" value="C:\jdk1.7.0_80\jre\lib\resources.jar;C:\jdk1.7.0_80\jre\lib\rt.jar;C:\jdk1.7.0_80\jre\lib\sunrsasign.jar;C:\jdk1.7.0_80\jre\lib\jsse.jar;C:\jdk1.7.0_80\jre\lib\jce.jar;C:\jdk1.7.0_80\jre\lib\charsets.jar;C:\jdk1.7.0_80\jre\lib\jfr.jar;C:\jdk1.7.0_80\jre\classes"/>
    <property name="java.vendor" value="Oracle Corporation"/>
    <property name="localRepository" value="C:\Users\sanderstu\.m2\repository"/>
    <property name="file.separator" value="\"/>
    <property name="java.vendor.url.bug" value="http://bugreport.sun.com/bugreport/"/>
    <property name="sun.cpu.endian" value="little"/>
    <property name="sun.io.unicode.encoding" value="UnicodeLittle"/>
    <property name="sun.desktop" value="windows"/>
    <property name="sun.cpu.isalist" value="amd64"/>
  </properties>
  <testcase time="19.893" classname="com.acs.payflow.ACS413" name="testACS413"/>
</testsuite>